[2021-02-05T05:31:21.245131+00:00] OGS-microservice.WARNING: EstaçãoMelhoriaEstacao not Found para id_estacao 3 [] []
[2021-02-05T05:31:21.338199+00:00] OGS-microservice.WARNING: EstaçãoMelhoriaEstacao not Found para id_estacao 2 [] []
[2021-02-05T05:31:21.422915+00:00] OGS-microservice.WARNING: EstaçãoMelhoriaEstacao not Found para id_estacao 1 [] []
[2021-02-05T05:31:21.498680+00:00] OGS-microservice.WARNING: EstaçãoMelhoriaEstacao not Found para id_estacao 4 [] []
[2021-02-05T05:39:40.077611+00:00] OGS-microservice.WARNING: EstaçãoMelhoriaEstacao not Found para id_estacao 3 [] []
[2021-02-05T05:39:40.185018+00:00] OGS-microservice.WARNING: EstaçãoMelhoriaEstacao not Found para id_estacao 2 [] []
[2021-02-05T05:39:40.270670+00:00] OGS-microservice.WARNING: EstaçãoMelhoriaEstacao not Found para id_estacao 1 [] []
[2021-02-05T05:39:40.357768+00:00] OGS-microservice.WARNING: EstaçãoMelhoriaEstacao not Found para id_estacao 4 [] []
[2021-02-05T05:40:01.445278+00:00] OGS-microservice.WARNING: EstaçãoMelhoriaEstacao not Found para id_estacao 3 [] []
[2021-02-05T05:40:01.534347+00:00] OGS-microservice.WARNING: EstaçãoMelhoriaEstacao not Found para id_estacao 2 [] []
[2021-02-05T05:40:01.619978+00:00] OGS-microservice.WARNING: EstaçãoMelhoriaEstacao not Found para id_estacao 1 [] []
[2021-02-05T05:40:01.695415+00:00] OGS-microservice.WARNING: EstaçãoMelhoriaEstacao not Found para id_estacao 4 [] []
[2021-02-05T05:41:26.122867+00:00] OGS-microservice.WARNING: EstaçãoMelhoriaEstacao not Found para id_estacao 3 [] []
[2021-02-05T05:41:26.213803+00:00] OGS-microservice.WARNING: EstaçãoMelhoriaEstacao not Found para id_estacao 2 [] []
[2021-02-05T05:41:26.299615+00:00] OGS-microservice.WARNING: EstaçãoMelhoriaEstacao not Found para id_estacao 1 [] []
[2021-02-05T05:41:26.387218+00:00] OGS-microservice.WARNING: EstaçãoMelhoriaEstacao not Found para id_estacao 4 [] []
[2021-02-05T05:42:05.467380+00:00] OGS-microservice.WARNING: EstaçãoMelhoriaEstacao not Found para id_estacao 3 [] []
[2021-02-05T05:42:05.573180+00:00] OGS-microservice.WARNING: EstaçãoMelhoriaEstacao not Found para id_estacao 2 [] []
[2021-02-05T05:42:05.648817+00:00] OGS-microservice.WARNING: EstaçãoMelhoriaEstacao not Found para id_estacao 1 [] []
[2021-02-05T05:42:05.724420+00:00] OGS-microservice.WARNING: EstaçãoMelhoriaEstacao not Found para id_estacao 4 [] []
[2021-02-05T05:52:47.156914+00:00] OGS-microservice.WARNING: EstaçãoMelhoriaEstacao not Found para id_estacao 3 [] []
[2021-02-05T05:52:47.250868+00:00] OGS-microservice.WARNING: EstaçãoMelhoriaEstacao not Found para id_estacao 2 [] []
[2021-02-05T05:52:47.339413+00:00] OGS-microservice.WARNING: EstaçãoMelhoriaEstacao not Found para id_estacao 1 [] []
[2021-02-05T05:52:47.416011+00:00] OGS-microservice.WARNING: EstaçãoMelhoriaEstacao not Found para id_estacao 4 [] []
[2021-02-05T05:52:50.065165+00:00] OGS-microservice.WARNING: EstaçãoMelhoria not Found para tipo estação 3 [] []
[2021-02-05T05:53:03.526640+00:00] OGS-microservice.WARNING: EstaçãoMelhoria not Found para tipo estação 3 [] []
[2021-02-05T06:03:21.097490+00:00] OGS-microservice.WARNING: EstaçãoMelhoriaEstacao not Found para id_estacao 3 [] []
[2021-02-05T06:03:21.204505+00:00] OGS-microservice.WARNING: EstaçãoMelhoriaEstacao not Found para id_estacao 2 [] []
[2021-02-05T06:03:21.293367+00:00] OGS-microservice.WARNING: EstaçãoMelhoriaEstacao not Found para id_estacao 1 [] []
[2021-02-05T06:03:21.380967+00:00] OGS-microservice.WARNING: EstaçãoMelhoriaEstacao not Found para id_estacao 4 [] []
[2021-02-05T06:04:01.776849+00:00] OGS-microservice.WARNING: EstaçãoMelhoriaEstacao not Found para id_estacao 3 [] []
[2021-02-05T06:04:01.868178+00:00] OGS-microservice.WARNING: EstaçãoMelhoriaEstacao not Found para id_estacao 2 [] []
[2021-02-05T06:04:01.954494+00:00] OGS-microservice.WARNING: EstaçãoMelhoriaEstacao not Found para id_estacao 1 [] []
[2021-02-05T06:04:02.040104+00:00] OGS-microservice.WARNING: EstaçãoMelhoriaEstacao not Found para id_estacao 4 [] []
[2021-02-05T06:04:34.820659+00:00] OGS-microservice.WARNING: EstaçãoMelhoriaEstacao not Found para id_estacao 3 [] []
[2021-02-05T06:04:34.896294+00:00] OGS-microservice.WARNING: EstaçãoMelhoriaEstacao not Found para id_estacao 2 [] []
[2021-02-05T06:04:34.972158+00:00] OGS-microservice.WARNING: EstaçãoMelhoriaEstacao not Found para id_estacao 1 [] []
[2021-02-05T06:04:35.064262+00:00] OGS-microservice.WARNING: EstaçãoMelhoriaEstacao not Found para id_estacao 4 [] []
[2021-02-05T06:04:37.092420+00:00] OGS-microservice.WARNING: EstaçãoMelhoriaEstacao not Found para id_estacao 3 [] []
[2021-02-05T06:04:41.652968+00:00] OGS-microservice.WARNING: EstaçãoMelhoriaEstacao not Found para id_estacao 3 [] []
[2021-02-05T06:04:41.738663+00:00] OGS-microservice.WARNING: EstaçãoMelhoriaEstacao not Found para id_estacao 2 [] []
[2021-02-05T06:04:41.823962+00:00] OGS-microservice.WARNING: EstaçãoMelhoriaEstacao not Found para id_estacao 1 [] []
[2021-02-05T06:04:41.910266+00:00] OGS-microservice.WARNING: EstaçãoMelhoriaEstacao not Found para id_estacao 4 [] []
[2021-02-05T06:07:42.348892+00:00] OGS-microservice.WARNING: EstaçãoMelhoriaEstacao not Found para id_estacao 2 [] []
[2021-02-05T06:07:42.446691+00:00] OGS-microservice.WARNING: EstaçãoMelhoriaEstacao not Found para id_estacao 1 [] []
[2021-02-05T06:07:42.523343+00:00] OGS-microservice.WARNING: EstaçãoMelhoriaEstacao not Found para id_estacao 4 [] []
[2021-02-05T06:08:28.116867+00:00] OGS-microservice.WARNING: EstaçãoMelhoriaEstacao not Found para id_estacao 2 [] []
[2021-02-05T06:08:28.211720+00:00] OGS-microservice.WARNING: EstaçãoMelhoriaEstacao not Found para id_estacao 1 [] []
[2021-02-05T06:08:28.288922+00:00] OGS-microservice.WARNING: EstaçãoMelhoriaEstacao not Found para id_estacao 4 [] []
[2021-02-05T06:11:09.528670+00:00] OGS-microservice.WARNING: Desafios not Found para o jogador 1 [] []
[2021-02-05T06:11:12.220840+00:00] OGS-microservice.WARNING: EstaçãoMelhoriaEstacao not Found para id_estacao 3 [] []
[2021-02-05T06:11:12.305644+00:00] OGS-microservice.WARNING: EstaçãoMelhoriaEstacao not Found para id_estacao 2 [] []
[2021-02-05T06:11:12.392776+00:00] OGS-microservice.WARNING: EstaçãoMelhoriaEstacao not Found para id_estacao 1 [] []
[2021-02-05T06:11:12.478604+00:00] OGS-microservice.WARNING: EstaçãoMelhoriaEstacao not Found para id_estacao 4 [] []
[2021-02-05T06:11:26.404153+00:00] OGS-microservice.WARNING: EstaçãoMelhoriaEstacao not Found para id_estacao 3 [] []
[2021-02-05T06:11:26.480508+00:00] OGS-microservice.WARNING: EstaçãoMelhoriaEstacao not Found para id_estacao 2 [] []
[2021-02-05T06:11:26.567606+00:00] OGS-microservice.WARNING: EstaçãoMelhoriaEstacao not Found para id_estacao 1 [] []
[2021-02-05T06:11:26.656840+00:00] OGS-microservice.WARNING: EstaçãoMelhoriaEstacao not Found para id_estacao 4 [] []
[2021-02-05T06:15:38.780709+00:00] OGS-microservice.WARNING: Desafios not Found para o jogador 1 [] []
[2021-02-05T06:15:41.959755+00:00] OGS-microservice.WARNING: EstaçãoMelhoriaEstacao not Found para id_estacao 3 [] []
[2021-02-05T06:15:42.044622+00:00] OGS-microservice.WARNING: EstaçãoMelhoriaEstacao not Found para id_estacao 2 [] []
[2021-02-05T06:15:42.128194+00:00] OGS-microservice.WARNING: EstaçãoMelhoriaEstacao not Found para id_estacao 1 [] []
[2021-02-05T06:15:42.212900+00:00] OGS-microservice.WARNING: EstaçãoMelhoriaEstacao not Found para id_estacao 4 [] []
[2021-02-05T06:16:16.101309+00:00] OGS-microservice.WARNING: Questao not Found para o id_desafio_jogador 1 [] []
[2021-02-05T06:16:19.915616+00:00] OGS-microservice.WARNING: Questao not Found para o id_desafio_jogador 1 [] []
[2021-02-05T06:16:32.555170+00:00] OGS-microservice.WARNING: EstaçãoMelhoriaEstacao not Found para id_estacao 3 [] []
[2021-02-05T06:16:32.639412+00:00] OGS-microservice.WARNING: EstaçãoMelhoriaEstacao not Found para id_estacao 2 [] []
[2021-02-05T06:16:32.713665+00:00] OGS-microservice.WARNING: EstaçãoMelhoriaEstacao not Found para id_estacao 1 [] []
[2021-02-05T06:16:32.788061+00:00] OGS-microservice.WARNING: EstaçãoMelhoriaEstacao not Found para id_estacao 4 [] []
[2021-02-05T06:16:39.710442+00:00] OGS-microservice.WARNING: Questao not Found para o id_desafio_jogador 1 [] []
[2021-02-05T06:16:44.974893+00:00] OGS-microservice.WARNING: Questao not Found para o id_desafio_jogador 1 [] []
[2021-02-05T06:16:55.160753+00:00] OGS-microservice.WARNING: Questao not Found para o id_desafio_jogador 1 [] []
[2021-02-05T06:17:35.653760+00:00] OGS-microservice.WARNING: EstaçãoMelhoriaEstacao not Found para id_estacao 3 [] []
[2021-02-05T06:17:35.738005+00:00] OGS-microservice.WARNING: EstaçãoMelhoriaEstacao not Found para id_estacao 2 [] []
[2021-02-05T06:17:35.813361+00:00] OGS-microservice.WARNING: EstaçãoMelhoriaEstacao not Found para id_estacao 1 [] []
[2021-02-05T06:17:35.899109+00:00] OGS-microservice.WARNING: EstaçãoMelhoriaEstacao not Found para id_estacao 4 [] []
[2021-02-05T06:17:45.911132+00:00] OGS-microservice.WARNING: Desafios not Found para o jogador 1 [] []
[2021-02-05T06:17:48.342417+00:00] OGS-microservice.WARNING: EstaçãoMelhoriaEstacao not Found para id_estacao 3 [] []
[2021-02-05T06:17:48.425940+00:00] OGS-microservice.WARNING: EstaçãoMelhoriaEstacao not Found para id_estacao 2 [] []
[2021-02-05T06:17:48.509826+00:00] OGS-microservice.WARNING: EstaçãoMelhoriaEstacao not Found para id_estacao 1 [] []
[2021-02-05T06:17:48.594575+00:00] OGS-microservice.WARNING: EstaçãoMelhoriaEstacao not Found para id_estacao 4 [] []
[2021-02-05T06:23:31.933326+00:00] OGS-microservice.WARNING: EstaçãoMelhoriaEstacao not Found para id_estacao 3 [] []
[2021-02-05T06:23:32.017881+00:00] OGS-microservice.WARNING: EstaçãoMelhoriaEstacao not Found para id_estacao 2 [] []
[2021-02-05T06:23:32.102385+00:00] OGS-microservice.WARNING: EstaçãoMelhoriaEstacao not Found para id_estacao 1 [] []
[2021-02-05T06:23:32.177012+00:00] OGS-microservice.WARNING: EstaçãoMelhoriaEstacao not Found para id_estacao 4 [] []
[2021-02-05T06:23:43.020931+00:00] OGS-microservice.WARNING: Desafios not Found para o jogador 1 [] []
[2021-02-05T06:23:45.595851+00:00] OGS-microservice.WARNING: EstaçãoMelhoriaEstacao not Found para id_estacao 3 [] []
[2021-02-05T06:23:45.672190+00:00] OGS-microservice.WARNING: EstaçãoMelhoriaEstacao not Found para id_estacao 2 [] []
[2021-02-05T06:23:45.758477+00:00] OGS-microservice.WARNING: EstaçãoMelhoriaEstacao not Found para id_estacao 1 [] []
[2021-02-05T06:23:45.844200+00:00] OGS-microservice.WARNING: EstaçãoMelhoriaEstacao not Found para id_estacao 4 [] []
[2021-02-05T17:54:32.322099+00:00] OGS-microservice.WARNING: EstaçãoMelhoriaEstacao not Found para id_estacao 3 [] []
[2021-02-05T17:54:32.410841+00:00] OGS-microservice.WARNING: EstaçãoMelhoriaEstacao not Found para id_estacao 2 [] []
[2021-02-05T17:54:32.496844+00:00] OGS-microservice.WARNING: EstaçãoMelhoriaEstacao not Found para id_estacao 1 [] []
[2021-02-05T17:54:32.581287+00:00] OGS-microservice.WARNING: EstaçãoMelhoriaEstacao not Found para id_estacao 4 [] []
[2021-02-05T17:54:52.240124+00:00] OGS-microservice.WARNING: Bonificações not Found para tribo estação  [] []
[2021-02-05T17:54:54.037900+00:00] OGS-microservice.WARNING: EstaçãoMelhoriaEstacao not Found para id_estacao 3 [] []
[2021-02-05T17:54:54.144145+00:00] OGS-microservice.WARNING: EstaçãoMelhoriaEstacao not Found para id_estacao 2 [] []
[2021-02-05T17:54:54.218947+00:00] OGS-microservice.WARNING: EstaçãoMelhoriaEstacao not Found para id_estacao 1 [] []
[2021-02-05T17:54:54.303097+00:00] OGS-microservice.WARNING: EstaçãoMelhoriaEstacao not Found para id_estacao 4 [] []
[2021-02-05T18:04:36.326130+00:00] OGS-microservice.WARNING: Bonificações not Found para tribo estação  [] []
[2021-02-05T18:04:38.352728+00:00] OGS-microservice.WARNING: EstaçãoMelhoriaEstacao not Found para id_estacao 3 [] []
[2021-02-05T18:04:38.441285+00:00] OGS-microservice.WARNING: EstaçãoMelhoriaEstacao not Found para id_estacao 2 [] []
[2021-02-05T18:04:38.525147+00:00] OGS-microservice.WARNING: EstaçãoMelhoriaEstacao not Found para id_estacao 1 [] []
[2021-02-05T18:04:38.609325+00:00] OGS-microservice.WARNING: EstaçãoMelhoriaEstacao not Found para id_estacao 4 [] []
[2021-02-05T18:16:26.483801+00:00] OGS-microservice.WARNING: EstaçãoMelhoriaEstacao not Found para id_estacao 3 [] []
[2021-02-05T18:16:26.572372+00:00] OGS-microservice.WARNING: EstaçãoMelhoriaEstacao not Found para id_estacao 2 [] []
[2021-02-05T18:16:26.646368+00:00] OGS-microservice.WARNING: EstaçãoMelhoriaEstacao not Found para id_estacao 1 [] []
[2021-02-05T18:16:26.730892+00:00] OGS-microservice.WARNING: EstaçãoMelhoriaEstacao not Found para id_estacao 4 [] []
[2021-02-05T18:19:54.972612+00:00] OGS-microservice.WARNING: EstaçãoMelhoriaEstacao not Found para id_estacao 3 [] []
[2021-02-05T18:19:55.061826+00:00] OGS-microservice.WARNING: EstaçãoMelhoriaEstacao not Found para id_estacao 2 [] []
[2021-02-05T18:19:55.147422+00:00] OGS-microservice.WARNING: EstaçãoMelhoriaEstacao not Found para id_estacao 1 [] []
[2021-02-05T18:19:55.231941+00:00] OGS-microservice.WARNING: EstaçãoMelhoriaEstacao not Found para id_estacao 4 [] []
[2021-02-05T18:22:54.801088+00:00] OGS-microservice.ERROR: Login sem usuario ou senha [] []
[2021-02-05T18:28:44.914783+00:00] OGS-microservice.WARNING: Bonificações not Found para tribo estação  [] []
[2021-02-05T18:35:05.328253+00:00] OGS-microservice.WARNING: EstaçãoMelhoriaEstacao not Found para id_estacao 3 [] []
[2021-02-05T18:35:05.418152+00:00] OGS-microservice.WARNING: EstaçãoMelhoriaEstacao not Found para id_estacao 2 [] []
[2021-02-05T18:35:05.502266+00:00] OGS-microservice.WARNING: EstaçãoMelhoriaEstacao not Found para id_estacao 1 [] []
[2021-02-05T18:35:05.587521+00:00] OGS-microservice.WARNING: EstaçãoMelhoriaEstacao not Found para id_estacao 4 [] []
[2021-02-05T18:44:51.237391+00:00] OGS-microservice.WARNING: EstaçãoMelhoriaEstacao not Found para id_estacao 3 [] []
[2021-02-05T18:44:51.326469+00:00] OGS-microservice.WARNING: EstaçãoMelhoriaEstacao not Found para id_estacao 2 [] []
[2021-02-05T18:44:51.401368+00:00] OGS-microservice.WARNING: EstaçãoMelhoriaEstacao not Found para id_estacao 1 [] []
[2021-02-05T18:44:51.488064+00:00] OGS-microservice.WARNING: EstaçãoMelhoriaEstacao not Found para id_estacao 4 [] []
[2021-02-05T18:47:28.952030+00:00] OGS-microservice.WARNING: EstaçãoMelhoriaEstacao not Found para id_estacao 3 [] []
[2021-02-05T18:47:29.031347+00:00] OGS-microservice.WARNING: EstaçãoMelhoriaEstacao not Found para id_estacao 2 [] []
[2021-02-05T18:47:29.108479+00:00] OGS-microservice.WARNING: EstaçãoMelhoriaEstacao not Found para id_estacao 1 [] []
[2021-02-05T18:47:29.194419+00:00] OGS-microservice.WARNING: EstaçãoMelhoriaEstacao not Found para id_estacao 4 [] []
[2021-02-05T18:51:58.700698+00:00] OGS-microservice.WARNING: EstaçãoMelhoriaEstacao not Found para id_estacao 3 [] []
[2021-02-05T18:51:58.794359+00:00] OGS-microservice.WARNING: EstaçãoMelhoriaEstacao not Found para id_estacao 2 [] []
[2021-02-05T18:51:58.878806+00:00] OGS-microservice.WARNING: EstaçãoMelhoriaEstacao not Found para id_estacao 1 [] []
[2021-02-05T18:51:58.970976+00:00] OGS-microservice.WARNING: EstaçãoMelhoriaEstacao not Found para id_estacao 4 [] []
[2021-02-05T18:52:53.454939+00:00] OGS-microservice.WARNING: Bonificações not Found para tribo estação 1 [] []
[2021-02-05T18:53:05.536526+00:00] OGS-microservice.WARNING: Bonificações not Found para tribo estação 1 [] []
[2021-02-05T18:54:59.254771+00:00] OGS-microservice.WARNING: Bonificações not Found para tribo estação 1 [] []
[2021-02-05T18:55:01.394827+00:00] OGS-microservice.WARNING: EstaçãoMelhoriaEstacao not Found para id_estacao 3 [] []
[2021-02-05T18:55:01.474254+00:00] OGS-microservice.WARNING: EstaçãoMelhoriaEstacao not Found para id_estacao 2 [] []
[2021-02-05T18:55:01.558339+00:00] OGS-microservice.WARNING: EstaçãoMelhoriaEstacao not Found para id_estacao 1 [] []
[2021-02-05T18:55:01.635609+00:00] OGS-microservice.WARNING: EstaçãoMelhoriaEstacao not Found para id_estacao 4 [] []
[2021-02-05T18:55:05.582395+00:00] OGS-microservice.WARNING: Bonificações not Found para tribo estação 1 [] []
[2021-02-05T18:57:34.893657+00:00] OGS-microservice.WARNING: Bonificações not Found para tribo estação 1 [] []
[2021-02-05T18:57:36.866852+00:00] OGS-microservice.WARNING: EstaçãoMelhoriaEstacao not Found para id_estacao 3 [] []
[2021-02-05T18:57:36.945378+00:00] OGS-microservice.WARNING: EstaçãoMelhoriaEstacao not Found para id_estacao 2 [] []
[2021-02-05T18:57:37.028955+00:00] OGS-microservice.WARNING: EstaçãoMelhoriaEstacao not Found para id_estacao 1 [] []
[2021-02-05T18:57:37.112048+00:00] OGS-microservice.WARNING: EstaçãoMelhoriaEstacao not Found para id_estacao 4 [] []
[2021-02-05T18:57:40.378530+00:00] OGS-microservice.WARNING: Bonificações not Found para tribo estação 1 [] []
[2021-02-05T18:57:46.293308+00:00] OGS-microservice.WARNING: Bonificações not Found para tribo estação 1 [] []
[2021-02-05T19:00:13.470412+00:00] OGS-microservice.WARNING: EstaçãoMelhoriaEstacao not Found para id_estacao 3 [] []
[2021-02-05T19:00:13.559156+00:00] OGS-microservice.WARNING: EstaçãoMelhoriaEstacao not Found para id_estacao 2 [] []
[2021-02-05T19:00:13.644246+00:00] OGS-microservice.WARNING: EstaçãoMelhoriaEstacao not Found para id_estacao 1 [] []
[2021-02-05T19:00:13.737270+00:00] OGS-microservice.WARNING: EstaçãoMelhoriaEstacao not Found para id_estacao 4 [] []
[2021-02-05T19:00:53.070262+00:00] OGS-microservice.WARNING: Bonificações not Found para tribo estação 1 [] []
[2021-02-05T19:10:24.039840+00:00] OGS-microservice.WARNING: EstaçãoMelhoriaEstacao not Found para id_estacao 3 [] []
[2021-02-05T19:10:24.133365+00:00] OGS-microservice.WARNING: EstaçãoMelhoriaEstacao not Found para id_estacao 2 [] []
[2021-02-05T19:10:24.223221+00:00] OGS-microservice.WARNING: EstaçãoMelhoriaEstacao not Found para id_estacao 1 [] []
[2021-02-05T19:10:24.307146+00:00] OGS-microservice.WARNING: EstaçãoMelhoriaEstacao not Found para id_estacao 4 [] []
[2021-02-05T19:14:16.718030+00:00] OGS-microservice.WARNING: EstaçãoMelhoriaEstacao not Found para id_estacao 3 [] []
[2021-02-05T19:14:16.878161+00:00] OGS-microservice.WARNING: EstaçãoMelhoriaEstacao not Found para id_estacao 4 [] []
[2021-02-05T19:14:17.059911+00:00] OGS-microservice.WARNING: EstaçãoMelhoriaEstacao not Found para id_estacao 1 [] []
[2021-02-05T19:14:17.159082+00:00] OGS-microservice.WARNING: EstaçãoMelhoriaEstacao not Found para id_estacao 2 [] []
[2021-02-05T19:20:51.296466+00:00] OGS-microservice.WARNING: EstaçãoMelhoriaEstacao not Found para id_estacao 3 [] []
[2021-02-05T19:20:51.454337+00:00] OGS-microservice.WARNING: EstaçãoMelhoriaEstacao not Found para id_estacao 4 [] []
[2021-02-05T19:20:51.586766+00:00] OGS-microservice.WARNING: EstaçãoMelhoriaEstacao not Found para id_estacao 1 [] []
[2021-02-05T19:20:51.693752+00:00] OGS-microservice.WARNING: EstaçãoMelhoriaEstacao not Found para id_estacao 2 [] []
[2021-02-05T19:25:05.189489+00:00] OGS-microservice.WARNING: EstaçãoMelhoriaEstacao not Found para id_estacao 3 [] []
[2021-02-05T19:25:05.272340+00:00] OGS-microservice.WARNING: EstaçãoMelhoriaEstacao not Found para id_estacao 2 [] []
[2021-02-05T19:25:05.355687+00:00] OGS-microservice.WARNING: EstaçãoMelhoriaEstacao not Found para id_estacao 1 [] []
[2021-02-05T19:25:05.441284+00:00] OGS-microservice.WARNING: EstaçãoMelhoriaEstacao not Found para id_estacao 4 [] []
[2021-02-05T19:30:08.985796+00:00] OGS-microservice.WARNING: EstaçãoMelhoriaEstacao not Found para id_estacao 3 [] []
[2021-02-05T19:30:09.074767+00:00] OGS-microservice.WARNING: EstaçãoMelhoriaEstacao not Found para id_estacao 2 [] []
[2021-02-05T19:30:09.161252+00:00] OGS-microservice.WARNING: EstaçãoMelhoriaEstacao not Found para id_estacao 1 [] []
[2021-02-05T19:30:09.236119+00:00] OGS-microservice.WARNING: EstaçãoMelhoriaEstacao not Found para id_estacao 4 [] []
[2021-02-05T19:39:12.358715+00:00] OGS-microservice.WARNING: Questao not Found para o id_desafio_jogador 1 [] []
[2021-02-05T19:39:38.404179+00:00] OGS-microservice.WARNING: EstaçãoMelhoriaEstacao not Found para id_estacao 3 [] []
[2021-02-05T19:39:38.509858+00:00] OGS-microservice.WARNING: EstaçãoMelhoriaEstacao not Found para id_estacao 4 [] []
[2021-02-05T19:39:38.605126+00:00] OGS-microservice.WARNING: EstaçãoMelhoriaEstacao not Found para id_estacao 1 [] []
[2021-02-05T19:39:38.718574+00:00] OGS-microservice.WARNING: EstaçãoMelhoriaEstacao not Found para id_estacao 2 [] []
[2021-02-05T19:39:56.817088+00:00] OGS-microservice.WARNING: EstaçãoMelhoriaEstacao not Found para id_estacao 3 [] []
[2021-02-05T19:39:56.934700+00:00] OGS-microservice.WARNING: EstaçãoMelhoriaEstacao not Found para id_estacao 4 [] []
[2021-02-05T19:39:57.053429+00:00] OGS-microservice.WARNING: EstaçãoMelhoriaEstacao not Found para id_estacao 1 [] []
[2021-02-05T19:39:57.162312+00:00] OGS-microservice.WARNING: EstaçãoMelhoriaEstacao not Found para id_estacao 2 [] []
[2021-02-05T19:40:16.752137+00:00] OGS-microservice.WARNING: Bonificações not Found para tribo estação 1 [] []
[2021-02-05T19:43:02.640945+00:00] OGS-microservice.WARNING: Bonificações not Found para tribo estação 1 [] []
[2021-02-05T19:43:03.259468+00:00] OGS-microservice.WARNING: Bonificações not Found para tribo estação 1 [] []
[2021-02-05T19:43:14.293385+00:00] OGS-microservice.WARNING: Bonificações not Found para tribo estação 1 [] []
[2021-02-05T19:43:55.393429+00:00] OGS-microservice.WARNING: Bonificações not Found para tribo estação 1 [] []
[2021-02-05T19:44:12.322843+00:00] OGS-microservice.ERROR: Login sem usuario ou senha [] []
[2021-02-05T19:47:02.640750+00:00] OGS-microservice.WARNING: Bonificações not Found para tribo estação 1 [] []
[2021-02-05T19:47:18.712509+00:00] OGS-microservice.WARNING: Bonificações not Found para tribo estação 1 [] []
[2021-02-05T19:47:19.409067+00:00] OGS-microservice.WARNING: EstaçãoMelhoriaEstacao not Found para id_estacao 4 [] []
[2021-02-05T19:47:19.523739+00:00] OGS-microservice.WARNING: EstaçãoMelhoriaEstacao not Found para id_estacao 1 [] []
[2021-02-05T19:47:19.619146+00:00] OGS-microservice.WARNING: EstaçãoMelhoriaEstacao not Found para id_estacao 2 [] []
[2021-02-05T19:47:22.179980+00:00] OGS-microservice.WARNING: Bonificações not Found para tribo estação 1 [] []
[2021-02-05T19:47:22.897968+00:00] OGS-microservice.WARNING: EstaçãoMelhoriaEstacao not Found para id_estacao 4 [] []
[2021-02-05T19:47:23.015172+00:00] OGS-microservice.WARNING: EstaçãoMelhoriaEstacao not Found para id_estacao 1 [] []
[2021-02-05T19:47:23.111142+00:00] OGS-microservice.WARNING: EstaçãoMelhoriaEstacao not Found para id_estacao 2 [] []
[2021-02-05T19:47:51.151384+00:00] OGS-microservice.WARNING: Bonificações not Found para tribo estação 1 [] []
[2021-02-05T19:47:51.583618+00:00] OGS-microservice.WARNING: Bonificações not Found para tribo estação 1 [] []
[2021-02-05T19:47:52.905033+00:00] OGS-microservice.WARNING: EstaçãoMelhoriaEstacao not Found para id_estacao 4 [] []
[2021-02-05T19:47:53.003475+00:00] OGS-microservice.WARNING: EstaçãoMelhoriaEstacao not Found para id_estacao 1 [] []
[2021-02-05T19:47:53.090468+00:00] OGS-microservice.WARNING: EstaçãoMelhoriaEstacao not Found para id_estacao 2 [] []
[2021-02-05T19:47:53.352192+00:00] OGS-microservice.WARNING: EstaçãoMelhoriaEstacao not Found para id_estacao 3 [] []
[2021-02-05T19:47:53.452104+00:00] OGS-microservice.WARNING: EstaçãoMelhoriaEstacao not Found para id_estacao 4 [] []
[2021-02-05T19:47:53.557176+00:00] OGS-microservice.WARNING: EstaçãoMelhoriaEstacao not Found para id_estacao 1 [] []
[2021-02-05T19:47:53.655765+00:00] OGS-microservice.WARNING: EstaçãoMelhoriaEstacao not Found para id_estacao 2 [] []
[2021-02-05T19:48:39.648627+00:00] OGS-microservice.WARNING: Bonificações not Found para tribo estação 1 [] []
[2021-02-05T19:48:40.538352+00:00] OGS-microservice.WARNING: EstaçãoMelhoriaEstacao not Found para id_estacao 3 [] []
[2021-02-05T19:48:40.642471+00:00] OGS-microservice.WARNING: EstaçãoMelhoriaEstacao not Found para id_estacao 4 [] []
[2021-02-05T19:48:40.745445+00:00] OGS-microservice.WARNING: EstaçãoMelhoriaEstacao not Found para id_estacao 1 [] []
[2021-02-05T19:48:40.840446+00:00] OGS-microservice.WARNING: EstaçãoMelhoriaEstacao not Found para id_estacao 2 [] []
[2021-02-05T19:48:48.207967+00:00] OGS-microservice.WARNING: Bonificações not Found para tribo estação 1 [] []
[2021-02-05T19:48:54.593141+00:00] OGS-microservice.WARNING: Bonificações not Found para tribo estação 1 [] []
[2021-02-05T20:34:04.650000+00:00] OGS-microservice.WARNING: Bonificações not Found para tribo estação 1 [] []
[2021-02-05T20:34:06.630693+00:00] OGS-microservice.WARNING: EstaçãoMelhoriaEstacao not Found para id_estacao 3 [] []
[2021-02-05T20:34:06.720903+00:00] OGS-microservice.WARNING: EstaçãoMelhoriaEstacao not Found para id_estacao 2 [] []
[2021-02-05T20:34:06.808127+00:00] OGS-microservice.WARNING: EstaçãoMelhoriaEstacao not Found para id_estacao 1 [] []
[2021-02-05T20:34:06.893038+00:00] OGS-microservice.WARNING: EstaçãoMelhoriaEstacao not Found para id_estacao 4 [] []
[2021-02-05T20:34:19.448351+00:00] OGS-microservice.WARNING: Bonificações not Found para tribo estação 1 [] []
[2021-02-05T20:34:20.510582+00:00] OGS-microservice.WARNING: EstaçãoMelhoriaEstacao not Found para id_estacao 3 [] []
[2021-02-05T20:34:20.597213+00:00] OGS-microservice.WARNING: EstaçãoMelhoriaEstacao not Found para id_estacao 2 [] []
[2021-02-05T20:34:20.683145+00:00] OGS-microservice.WARNING: EstaçãoMelhoriaEstacao not Found para id_estacao 1 [] []
[2021-02-05T20:34:20.768645+00:00] OGS-microservice.WARNING: EstaçãoMelhoriaEstacao not Found para id_estacao 4 [] []
[2021-02-05T21:01:53.772585+00:00] OGS-microservice.WARNING: Bonificações not Found para tribo estação 1 [] []
[2021-02-05T21:01:55.458066+00:00] OGS-microservice.WARNING: EstaçãoMelhoriaEstacao not Found para id_estacao 3 [] []
[2021-02-05T21:01:55.552821+00:00] OGS-microservice.WARNING: EstaçãoMelhoriaEstacao not Found para id_estacao 2 [] []
[2021-02-05T21:01:55.637072+00:00] OGS-microservice.WARNING: EstaçãoMelhoriaEstacao not Found para id_estacao 1 [] []
[2021-02-05T21:01:55.720740+00:00] OGS-microservice.WARNING: EstaçãoMelhoriaEstacao not Found para id_estacao 4 [] []
[2021-02-05T21:12:57.502998+00:00] OGS-microservice.WARNING: Bonificações not Found para tribo estação 1 [] []
[2021-02-05T21:12:59.232830+00:00] OGS-microservice.WARNING: EstaçãoMelhoriaEstacao not Found para id_estacao 3 [] []
[2021-02-05T21:12:59.330944+00:00] OGS-microservice.WARNING: EstaçãoMelhoriaEstacao not Found para id_estacao 2 [] []
[2021-02-05T21:12:59.420501+00:00] OGS-microservice.WARNING: EstaçãoMelhoriaEstacao not Found para id_estacao 1 [] []
[2021-02-05T21:12:59.499869+00:00] OGS-microservice.WARNING: EstaçãoMelhoriaEstacao not Found para id_estacao 4 [] []
[2021-02-05T21:19:17.530198+00:00] OGS-microservice.WARNING: Bonificações not Found para tribo estação 1 [] []
[2021-02-05T21:24:00.439906+00:00] OGS-microservice.WARNING: Bonificações not Found para tribo estação 1 [] []
[2021-02-05T21:24:02.392332+00:00] OGS-microservice.WARNING: EstaçãoMelhoriaEstacao not Found para id_estacao 3 [] []
[2021-02-05T21:24:02.532048+00:00] OGS-microservice.WARNING: EstaçãoMelhoriaEstacao not Found para id_estacao 2 [] []
[2021-02-05T21:24:02.617109+00:00] OGS-microservice.WARNING: EstaçãoMelhoriaEstacao not Found para id_estacao 1 [] []
[2021-02-05T21:24:02.691680+00:00] OGS-microservice.WARNING: EstaçãoMelhoriaEstacao not Found para id_estacao 4 [] []
[2021-02-05T21:29:35.774999+00:00] OGS-microservice.WARNING: Bonificações not Found para tribo estação 1 [] []
[2021-02-05T21:29:36.882007+00:00] OGS-microservice.WARNING: EstaçãoMelhoriaEstacao not Found para id_estacao 3 [] []
[2021-02-05T21:29:37.216034+00:00] OGS-microservice.WARNING: EstaçãoMelhoriaEstacao not Found para id_estacao 4 [] []
[2021-02-05T21:29:38.169586+00:00] OGS-microservice.WARNING: EstaçãoMelhoriaEstacao not Found para id_estacao 1 [] []
[2021-02-05T21:29:38.408584+00:00] OGS-microservice.WARNING: EstaçãoMelhoriaEstacao not Found para id_estacao 2 [] []
[2021-02-05T21:31:03.050850+00:00] OGS-microservice.WARNING: Bonificações not Found para tribo estação 1 [] []
[2021-02-05T21:31:03.918639+00:00] OGS-microservice.WARNING: EstaçãoMelhoriaEstacao not Found para id_estacao 3 [] []
[2021-02-05T21:31:04.514510+00:00] OGS-microservice.WARNING: EstaçãoMelhoriaEstacao not Found para id_estacao 4 [] []
[2021-02-05T21:31:04.648483+00:00] OGS-microservice.WARNING: EstaçãoMelhoriaEstacao not Found para id_estacao 1 [] []
[2021-02-05T21:31:04.761765+00:00] OGS-microservice.WARNING: EstaçãoMelhoriaEstacao not Found para id_estacao 2 [] []
[2021-02-05T23:09:04.331777+00:00] OGS-microservice.WARNING: Versao nao encontrada Not Found [] []
